<?xml version="1.0" encoding="UTF-8"?>
<!-- Generated by org.testng.reporters.JUnitXMLReporter -->
<testsuite ignored="0" hostname="EC2AMAZ-S11DBRH" failures="2" tests="2" name="Default test" time="22.412" errors="0" timestamp="2024-03-27T04:44:25 GMT">
  <testcase classname="io.cucumber.testng.AbstractTestNGCucumberTests" name="runScenario" time="0.347">
    <failure type="io.cucumber.java.PendingException" message="TODO: implement me">
      <![CDATA[io.cucumber.java.PendingException: TODO: implement me
at StepDefinitions.OrderSteps.user_is_on_homepage(OrderSteps.java:13)
at ✽.User is on Homepage(file:///C:/Users/Administrator/eclipse-workspace/CS/src/test/resources/Features/Order.feature:8)
]]>
    </failure>
  </testcase> <!-- runScenario -->
  <testcase classname="io.cucumber.testng.AbstractTestNGCucumberTests" name="runScenario" time="0.022">
    <failure type="io.cucumber.java.PendingException" message="TODO: implement me">
      <![CDATA[io.cucumber.java.PendingException: TODO: implement me
at StepDefinitions.OrderSteps.user_do_checkout(OrderSteps.java:31)
at ✽.User do checkout(file:///C:/Users/Administrator/eclipse-workspace/CS/src/test/resources/Features/Order.feature:14)
]]>
    </failure>
  </testcase> <!-- runScenario -->
</testsuite> <!-- Default test -->
