<?xml version="1.0" encoding="UTF-8"?>
<testng-results ignored="0" total="1" passed="1" failed="0" skipped="0">
  <reporter-output>
  </reporter-output>
  <suite started-at="2024-03-13T07:00:08 GMT" name="Default suite" finished-at="2024-03-13T07:00:11 GMT" duration-ms="3179">
    <groups>
    </groups>
    <test started-at="2024-03-13T07:00:08 GMT" name="Default test" finished-at="2024-03-13T07:00:11 GMT" duration-ms="3179">
      <class name="TestNGpack.LearnTestNG">
        <test-method is-config="true" signature="invoke()[pri:0, instance:TestNGpack.LearnTestNG@355ce81c]" started-at="2024-03-13T07:00:08 GMT" name="invoke" finished-at="2024-03-13T07:00:11 GMT" duration-ms="2480" status="PASS">
          <reporter-output>
          </reporter-output>
        </test-method> <!-- invoke -->
        <test-method signature="Testcase1()[pri:0, instance:TestNGpack.LearnTestNG@355ce81c]" started-at="2024-03-13T07:00:11 GMT" name="Testcase1" finished-at="2024-03-13T07:00:11 GMT" duration-ms="653" status="PASS">
          <reporter-output>
          </reporter-output>
        </test-method> <!-- Testcase1 -->
      </class> <!-- TestNGpack.LearnTestNG -->
    </test> <!-- Default test -->
  </suite> <!-- Default suite -->
</testng-results>
