<?xml version="1.0" encoding="UTF-8"?>
<testng-results ignored="0" total="2" passed="2" failed="0" skipped="0">
  <reporter-output>
  </reporter-output>
  <suite started-at="2024-03-17T12:06:54 GMT" name="Default suite" finished-at="2024-03-17T12:07:10 GMT" duration-ms="15845">
    <groups>
    </groups>
    <test started-at="2024-03-17T12:06:54 GMT" name="Default test" finished-at="2024-03-17T12:07:10 GMT" duration-ms="15845">
      <class name="CaseStudy_1.RedBus_Automation">
        <test-method is-config="true" signature="Invoke()[pri:0, instance:CaseStudy_1.RedBus_Automation@d6e7bab]" started-at="2024-03-17T12:06:54 GMT" name="Invoke" finished-at="2024-03-17T12:06:56 GMT" duration-ms="2195" status="PASS">
          <reporter-output>
          </reporter-output>
        </test-method> <!-- Invoke -->
        <test-method signature="Testcase_1()[pri:1, instance:CaseStudy_1.RedBus_Automation@d6e7bab]" started-at="2024-03-17T12:06:56 GMT" name="Testcase_1" finished-at="2024-03-17T12:06:59 GMT" duration-ms="2569" status="PASS">
          <reporter-output>
          </reporter-output>
        </test-method> <!-- Testcase_1 -->
        <test-method signature="Testcase_2()[pri:2, instance:CaseStudy_1.RedBus_Automation@d6e7bab]" started-at="2024-03-17T12:06:59 GMT" name="Testcase_2" finished-at="2024-03-17T12:07:10 GMT" duration-ms="11038" status="PASS">
          <reporter-output>
          </reporter-output>
        </test-method> <!-- Testcase_2 -->
        <test-method is-config="true" signature="teardown()[pri:0, instance:CaseStudy_1.RedBus_Automation@d6e7bab]" started-at="2024-03-17T12:07:10 GMT" name="teardown" finished-at="2024-03-17T12:07:10 GMT" duration-ms="0" status="PASS">
          <reporter-output>
          </reporter-output>
        </test-method> <!-- teardown -->
      </class> <!-- CaseStudy_1.RedBus_Automation -->
    </test> <!-- Default test -->
  </suite> <!-- Default suite -->
</testng-results>
